0.01
0.02
0.03
0.04
One time bin (migration parameter, delta_variance)
[0.01, 3.9003274602612987]
[0.02, 1.6949343673057435]
[0.029999999999999999, 2.7122481971162142]
[0.040000000000000001, 4.6810015074174105]
0.01 0.01
0.01 0.02
0.01 0.03
0.01 0.04
0.02 0.01
0.02 0.02
0.02 0.03
0.02 0.04
0.03 0.01
0.03 0.02
0.03 0.03
0.03 0.04
0.04 0.01
0.04 0.02
0.04 0.03
0.04 0.04
Two time bins (migration parameter (k=1), migration parameter (k=2), delta_variance)
[0.01, 0.01, 9.2518661808711737]
[0.01, 0.02, 15.154606576631753]
[0.01, 0.029999999999999999, 0.048086129329003878]
[0.01, 0.040000000000000001, 0.14558560627865649]
[0.02, 0.01, 0.71122528506437444]
[0.02, 0.02, 4.1564225079380108]
[0.02, 0.029999999999999999, 4.8292033050843397]
[0.02, 0.040000000000000001, 3.6049990535136445]
[0.029999999999999999, 0.01, 0.36200651964569963]
[0.029999999999999999, 0.02, 0.063242011755060584]
[0.029999999999999999, 0.029999999999999999, 6.5957736050263351]
[0.029999999999999999, 0.040000000000000001, 4.3816341137653643]
[0.040000000000000001, 0.01, 5.846483615440432]
[0.040000000000000001, 0.02, 1.9646527881520004]
[0.040000000000000001, 0.029999999999999999, 0.1711629976864355]
[0.040000000000000001, 0.040000000000000001, 3.1784027063575473]
0.01 0.01 0.01
0.01 0.01 0.02
0.01 0.01 0.03
0.01 0.01 0.04
0.01 0.02 0.01
0.01 0.02 0.02
0.01 0.02 0.03
0.01 0.02 0.04
0.01 0.03 0.01
0.01 0.03 0.02
0.01 0.03 0.03
0.01 0.03 0.04
0.01 0.04 0.01
0.01 0.04 0.02
0.01 0.04 0.03
0.01 0.04 0.04
0.02 0.01 0.01
0.02 0.01 0.02
0.02 0.01 0.03
0.02 0.01 0.04
0.02 0.02 0.01
0.02 0.02 0.02
0.02 0.02 0.03
0.02 0.02 0.04
0.02 0.03 0.01
0.02 0.03 0.02
0.02 0.03 0.03
0.02 0.03 0.04
0.02 0.04 0.01
0.02 0.04 0.02
0.02 0.04 0.03
0.02 0.04 0.04
0.03 0.01 0.01
0.03 0.01 0.02
0.03 0.01 0.03
0.03 0.01 0.04
0.03 0.02 0.01
0.03 0.02 0.02
0.03 0.02 0.03
0.03 0.02 0.04
0.03 0.03 0.01
0.03 0.03 0.02
0.03 0.03 0.03
0.03 0.03 0.04
0.03 0.04 0.01
0.03 0.04 0.02
0.03 0.04 0.03
0.03 0.04 0.04
0.04 0.01 0.01
0.04 0.01 0.02
0.04 0.01 0.03
0.04 0.01 0.04
0.04 0.02 0.01
0.04 0.02 0.02
0.04 0.02 0.03
0.04 0.02 0.04
0.04 0.03 0.01
0.04 0.03 0.02
0.04 0.03 0.03
0.04 0.03 0.04
0.04 0.04 0.01
0.04 0.04 0.02
0.04 0.04 0.03
0.04 0.04 0.04
Three time bins (migration parameter (k=1), migration parameter (k=2), migration parameter (k=3), delta_variance)
[0.01, 0.01, 0.01, 8.9803779318307146]
[0.01, 0.01, 0.02, 3.7025074382390537]
[0.01, 0.01, 0.029999999999999999, 7.1971128205406636]
[0.01, 0.01, 0.040000000000000001, 0.73641101575804391]
[0.01, 0.02, 0.01, 0.18671021517233111]
[0.01, 0.02, 0.02, 14.3247466163524]
[0.01, 0.02, 0.029999999999999999, 3.4161169742124269]
[0.01, 0.02, 0.040000000000000001, 7.0118247680071288]
[0.01, 0.029999999999999999, 0.01, 0.035915540493203377]
[0.01, 0.029999999999999999, 0.02, 14.751528625563674]
[0.01, 0.029999999999999999, 0.029999999999999999, 11.446181630890976]
[0.01, 0.029999999999999999, 0.040000000000000001, 3.181856995638209]
[0.01, 0.040000000000000001, 0.01, 2.3410372968746866]
[0.01, 0.040000000000000001, 0.02, 7.8742815455198452]
[0.01, 0.040000000000000001, 0.029999999999999999, 4.6683006179736717]
[0.01, 0.040000000000000001, 0.040000000000000001, 11.304434032116776]
[0.02, 0.01, 0.01, 20.302990251196885]
[0.02, 0.01, 0.02, 0.47486897813379619]
[0.02, 0.01, 0.029999999999999999, 1.1045527009905534]
[0.02, 0.01, 0.040000000000000001, 6.2716091449446187]
[0.02, 0.02, 0.01, 0.062952501008054731]
[0.02, 0.02, 0.02, 1.5592531081143839]
[0.02, 0.02, 0.029999999999999999, 28.576240266140022]
[0.02, 0.02, 0.040000000000000001, 6.1902343436315457]
[0.02, 0.029999999999999999, 0.01, 12.056625443746169]
[0.02, 0.029999999999999999, 0.02, 0.17739403227248757]
[0.02, 0.029999999999999999, 0.029999999999999999, 26.378148920517063]
[0.02, 0.029999999999999999, 0.040000000000000001, 1.5718166340821964]
[0.02, 0.040000000000000001, 0.01, 0.039360260261372057]
[0.02, 0.040000000000000001, 0.02, 0.05229049562920083]
[0.02, 0.040000000000000001, 0.029999999999999999, 7.083005873869924]
[0.02, 0.040000000000000001, 0.040000000000000001, 2.2927071172503588]
[0.029999999999999999, 0.01, 0.01, 0.46286510466346931]
[0.029999999999999999, 0.01, 0.02, 5.0713087264639043]
[0.029999999999999999, 0.01, 0.029999999999999999, 3.5806678304228758]
[0.029999999999999999, 0.01, 0.040000000000000001, 10.204570125115758]
[0.029999999999999999, 0.02, 0.01, 0.94324108813503516]
[0.029999999999999999, 0.02, 0.02, 5.4866962312758858]
[0.029999999999999999, 0.02, 0.029999999999999999, 7.5593230159284728]
[0.029999999999999999, 0.02, 0.040000000000000001, 0.088594580283006638]
[0.029999999999999999, 0.029999999999999999, 0.01, 2.1379664415292461]
[0.029999999999999999, 0.029999999999999999, 0.02, 13.237934868695545]
[0.029999999999999999, 0.029999999999999999, 0.029999999999999999, 1.4291624184920839]
[0.029999999999999999, 0.029999999999999999, 0.040000000000000001, 0.14394952965151894]
[0.029999999999999999, 0.040000000000000001, 0.01, 21.734083080942973]
[0.029999999999999999, 0.040000000000000001, 0.02, 0.099263437562023854]
[0.029999999999999999, 0.040000000000000001, 0.029999999999999999, 3.2320038553118819]
[0.029999999999999999, 0.040000000000000001, 0.040000000000000001, 1.7800696988965892]
[0.040000000000000001, 0.01, 0.01, 10.851816189548369]
[0.040000000000000001, 0.01, 0.02, 2.6965931352042625]
[0.040000000000000001, 0.01, 0.029999999999999999, 0.20323459561345381]
[0.040000000000000001, 0.01, 0.040000000000000001, 0.92530292141878423]
[0.040000000000000001, 0.02, 0.01, 3.1632482121197083]
[0.040000000000000001, 0.02, 0.02, 24.937112911212417]
[0.040000000000000001, 0.02, 0.029999999999999999, 0.56391093853287011]
[0.040000000000000001, 0.02, 0.040000000000000001, 0.14366700389683773]
[0.040000000000000001, 0.029999999999999999, 0.01, 4.5998920970323285]
[0.040000000000000001, 0.029999999999999999, 0.02, 8.003219585095918]
[0.040000000000000001, 0.029999999999999999, 0.029999999999999999, 9.1923257227448421]
[0.040000000000000001, 0.029999999999999999, 0.040000000000000001, 13.23763049457501]
[0.040000000000000001, 0.040000000000000001, 0.01, 2.9874427041182661]
[0.040000000000000001, 0.040000000000000001, 0.02, 13.848378116143206]
[0.040000000000000001, 0.040000000000000001, 0.029999999999999999, 0.75570892228441078]
[0.040000000000000001, 0.040000000000000001, 0.040000000000000001, 8.8546565313711145]

